<?xml version="1.0" encoding="UTF-8"?>
<testng-results ignored="0" total="2" passed="2" failed="0" skipped="0">
  <reporter-output>
  </reporter-output>
  <suite started-at="2022-10-03T18:42:59 IST" name="Default suite" finished-at="2022-10-03T18:43:22 IST" duration-ms="22983">
    <groups>
      <group name="Chrome">
        <method signature="Facebooklogin.launchChrome()[pri:0, instance:com.testing.Facebooklogin@2c35e847]" name="launchChrome" class="com.testing.Facebooklogin"/>
        <method signature="Facebooklogin.loginWithChrome()[pri:0, instance:com.testing.Facebooklogin@2c35e847]" name="loginWithChrome" class="com.testing.Facebooklogin"/>
      </group> <!-- Chrome -->
    </groups>
    <test started-at="2022-10-03T18:42:59 IST" name="Default test" finished-at="2022-10-03T18:43:22 IST" duration-ms="22983">
      <class name="com.testing.Facebooklogin">
        <test-method signature="launchChrome()[pri:0, instance:com.testing.Facebooklogin@2c35e847]" started-at="2022-10-03T18:42:59 IST" name="launchChrome" finished-at="2022-10-03T18:43:21 IST" duration-ms="22043" status="PASS">
          <reporter-output>
          </reporter-output>
        </test-method> <!-- launchChrome -->
        <test-method signature="loginWithChrome()[pri:0, instance:com.testing.Facebooklogin@2c35e847]" started-at="2022-10-03T18:43:21 IST" name="loginWithChrome" finished-at="2022-10-03T18:43:22 IST" depends-on-methods="com.testing.Facebooklogin.launchChrome" duration-ms="822" status="PASS">
          <reporter-output>
          </reporter-output>
        </test-method> <!-- loginWithChrome -->
      </class> <!-- com.testing.Facebooklogin -->
    </test> <!-- Default test -->
  </suite> <!-- Default suite -->
</testng-results>
